
  SYNC    include/generated/autoconf.h
  DESCEND objtool
  CALL    scripts/atomic/check-atomics.sh
  CALL    scripts/checksyscalls.sh
  CHK     include/generated/compile.h
  CHK     kernel/kheaders_data.tar.xz
  CC [M]  kernel/bpf/preload/bpf_preload_kern.o
  LD [M]  kernel/bpf/preload/bpf_preload.o
  CC [M]  drivers/pci/pci-stub.o
  CC [M]  drivers/rapidio/rio-scan.o
  LDS     scripts/module.lds
  CC [M]  drivers/scsi/pcmcia/qlogic_stub.o
  CC [M]  drivers/scsi/pcmcia/fdomain_cs.o
  CC [M]  drivers/scsi/pcmcia/aha152x_stub.o
  CC [M]  drivers/scsi/pcmcia/aha152x_core.o
  CC [M]  drivers/scsi/pcmcia/sym53c500_cs.o
  LD [M]  drivers/scsi/pcmcia/qlogic_cs.o
  LD [M]  drivers/scsi/pcmcia/aha152x_cs.o
  CC [M]  drivers/scsi/mpi3mr/mpi3mr_os.o
  CC [M]  drivers/scsi/mpi3mr/mpi3mr_fw.o
  CC [M]  drivers/scsi/mpi3mr/mpi3mr_app.o
  LD [M]  drivers/scsi/mpi3mr/mpi3mr.o
  CC [M]  drivers/scsi/qlogicfas408.o
  CC [M]  drivers/rtc/rtc-wilco-ec.o
  CC [M]  drivers/i2c/i2c-stub.o
  CC [M]  drivers/net/wireless/rsi/rsi_91x_sdio.o
  CC [M]  drivers/net/wireless/rsi/rsi_91x_sdio_ops.o
  LD [M]  drivers/net/wireless/rsi/rsi_sdio.o
  CC [M]  drivers/platform/x86/dell/dell-laptop.o
  CC [M]  drivers/staging/rtl8192u/r8192U_core.o
  CC [M]  drivers/staging/rtl8192e/rtl8192e/r8192E_dev.o
  CC [M]  drivers/staging/rtl8192e/rtl8192e/r8192E_phy.o
  CC [M]  drivers/staging/rtl8192e/rtl8192e/r8192E_firmware.o
  CC [M]  drivers/staging/rtl8192u/r8180_93cx6.o
  CC [M]  drivers/staging/rtl8192e/rtl8192e/r8192E_cmdpkt.o
  CC [M]  drivers/staging/rtl8192e/rtl8192e/r8192E_hwimg.o
  CC [M]  drivers/staging/rtl8192e/rtl8192e/r8190P_rtl8256.o
  CC [M]  drivers/staging/rtl8192u/r8192U_wx.o
  CC [M]  drivers/staging/rtl8192u/r8190_rtl8256.o
  CC [M]  drivers/staging/rtl8192e/rtl8192e/rtl_cam.o
  CC [M]  drivers/staging/rtl8192u/r819xU_phy.o
  CC [M]  drivers/staging/rtl8192u/r819xU_firmware.o
  CC [M]  drivers/staging/rtl8192e/rtl8192e/rtl_core.o
  CC [M]  drivers/staging/rtl8192u/r819xU_cmdpkt.o
  CC [M]  drivers/staging/rtl8192u/r8192U_dm.o
  CC [M]  drivers/staging/rtl8192u/r819xU_firmware_img.o
  CC [M]  drivers/staging/rtl8192u/ieee80211/ieee80211_crypt.o
  CC [M]  drivers/staging/rtl8192e/rtl8192e/rtl_dm.o
  CC [M]  drivers/staging/rtl8192u/ieee80211/ieee80211_crypt_tkip.o
  CC [M]  drivers/staging/rtl8192u/ieee80211/ieee80211_crypt_ccmp.o
  CC [M]  drivers/staging/rtl8192u/ieee80211/ieee80211_crypt_wep.o
  CC [M]  drivers/staging/rtl8192e/rtl8192e/rtl_eeprom.o
  CC [M]  drivers/staging/rtl8192u/ieee80211/ieee80211_rx.o
  CC [M]  drivers/staging/rtl8723bs/core/rtw_ap.o
  CC [M]  drivers/staging/rtl8192e/rtl8192e/rtl_ethtool.o
  CC [M]  drivers/staging/rtl8192e/rtl8192e/rtl_pci.o
  CC [M]  drivers/staging/rtl8723bs/core/rtw_btcoex.o
  CC [M]  drivers/staging/rtl8192e/rtl8192e/rtl_pm.o
  CC [M]  drivers/staging/rtl8723bs/core/rtw_cmd.o
  CC [M]  drivers/staging/rtl8192u/ieee80211/ieee80211_softmac.o
  CC [M]  drivers/staging/rtl8192e/rtl8192e/rtl_ps.o
  CC [M]  drivers/staging/rtl8192e/rtl8192e/rtl_wx.o
  CC [M]  drivers/staging/rtl8723bs/core/rtw_debug.o
  CC [M]  drivers/staging/rtl8723bs/core/rtw_efuse.o
  LD [M]  drivers/staging/rtl8192e/rtl8192e/r8192e_pci.o
  CC [M]  drivers/staging/rtl8192e/dot11d.o
  CC [M]  drivers/staging/rtl8192u/ieee80211/ieee80211_tx.o
  CC [M]  drivers/staging/rtl8723bs/core/rtw_io.o
  CC [M]  drivers/staging/rtl8192e/rtllib_module.o
  CC [M]  drivers/staging/rtl8723bs/core/rtw_ioctl_set.o
  CC [M]  drivers/staging/rtl8192u/ieee80211/ieee80211_wx.o
  CC [M]  drivers/staging/rtl8723bs/core/rtw_ieee80211.o
  CC [M]  drivers/staging/rtl8192e/rtllib_rx.o
  CC [M]  drivers/staging/rtl8192u/ieee80211/ieee80211_module.o
  CC [M]  drivers/staging/rtl8723bs/core/rtw_mlme.o
  CC [M]  drivers/staging/rtl8192u/ieee80211/ieee80211_softmac_wx.o
  CC [M]  drivers/staging/rtl8192u/ieee80211/rtl819x_HTProc.o
  CC [M]  drivers/staging/rtl8723bs/core/rtw_mlme_ext.o
  CC [M]  drivers/staging/rtl8192e/rtllib_tx.o
  CC [M]  drivers/staging/rtl8192u/ieee80211/rtl819x_TSProc.o
  CC [M]  drivers/staging/rtl8192e/rtllib_wx.o
  CC [M]  drivers/staging/rtl8192u/ieee80211/rtl819x_BAProc.o
  CC [M]  drivers/staging/rtl8723bs/core/rtw_odm.o
  CC [M]  drivers/staging/rtl8192u/ieee80211/dot11d.o
  CC [M]  drivers/staging/rtl8192e/rtllib_softmac.o
  CC [M]  drivers/staging/rtl8723bs/core/rtw_pwrctrl.o
  LD [M]  drivers/staging/rtl8192u/r8192u_usb.o
  CC [M]  drivers/staging/r8188eu/hal/HalHWImg8188E_MAC.o
  CC [M]  drivers/staging/rtl8723bs/core/rtw_recv.o
  CC [M]  drivers/staging/r8188eu/hal/HalHWImg8188E_BB.o
  CC [M]  drivers/staging/rtl8192e/rtllib_softmac_wx.o
  CC [M]  drivers/staging/r8188eu/hal/HalHWImg8188E_RF.o
  CC [M]  drivers/staging/rtl8723bs/core/rtw_rf.o
  CC [M]  drivers/staging/rtl8192e/rtl819x_BAProc.o
  CC [M]  drivers/staging/rtl8723bs/core/rtw_security.o
  CC [M]  drivers/staging/r8188eu/hal/HalPhyRf_8188e.o
  CC [M]  drivers/staging/rtl8192e/rtl819x_HTProc.o
  CC [M]  drivers/staging/r8188eu/hal/HalPwrSeqCmd.o
  CC [M]  drivers/staging/rtl8723bs/core/rtw_sta_mgt.o
  CC [M]  drivers/staging/r8188eu/hal/Hal8188ERateAdaptive.o
  CC [M]  drivers/staging/rtl8192e/rtl819x_TSProc.o
  CC [M]  drivers/staging/rtl8723bs/core/rtw_wlan_util.o
  CC [M]  drivers/staging/r8188eu/hal/hal_intf.o
  CC [M]  drivers/staging/r8188eu/hal/hal_com.o
  CC [M]  drivers/staging/rtl8192e/rtllib_crypt_ccmp.o
  CC [M]  drivers/staging/rtl8723bs/core/rtw_xmit.o
  CC [M]  drivers/staging/r8188eu/hal/odm.o
  CC [M]  drivers/staging/rtl8192e/rtllib_crypt_tkip.o
  CC [M]  drivers/staging/r8188eu/hal/odm_HWConfig.o
  CC [M]  drivers/staging/rtl8723bs/hal/hal_intf.o
  CC [M]  drivers/staging/rtl8192e/rtllib_crypt_wep.o
  CC [M]  drivers/staging/r8188eu/hal/odm_RegConfig8188E.o
  CC [M]  drivers/staging/rtl8723bs/hal/hal_com.o
  LD [M]  drivers/staging/rtl8192e/rtllib.o
  CC [M]  drivers/staging/vt6655/device_main.o
  CC [M]  drivers/staging/r8188eu/hal/odm_RTL8188E.o
  CC [M]  drivers/staging/rtl8723bs/hal/hal_com_phycfg.o
  CC [M]  drivers/staging/r8188eu/hal/rtl8188e_cmd.o
  CC [M]  drivers/staging/vt6655/card.o
  CC [M]  drivers/staging/rtl8723bs/hal/hal_btcoex.o
  CC [M]  drivers/staging/r8188eu/hal/rtl8188e_dm.o
  CC [M]  drivers/staging/vt6655/channel.o
  CC [M]  drivers/staging/rtl8723bs/hal/hal_sdio.o
  CC [M]  drivers/staging/vt6655/mac.o
  CC [M]  drivers/staging/r8188eu/hal/rtl8188e_hal_init.o
  CC [M]  drivers/staging/rtl8723bs/hal/hal_pwr_seq.o
  CC [M]  drivers/staging/vt6655/baseband.o
  CC [M]  drivers/staging/r8188eu/hal/rtl8188e_phycfg.o
  CC [M]  drivers/staging/rtl8723bs/hal/HalPhyRf.o
  CC [M]  drivers/staging/vt6655/rxtx.o
  CC [M]  drivers/staging/r8188eu/hal/rtl8188e_rf6052.o
  CC [M]  drivers/staging/rtl8723bs/hal/HalPwrSeqCmd.o
  CC [M]  drivers/staging/r8188eu/hal/rtl8188e_rxdesc.o
  CC [M]  drivers/staging/vt6655/dpc.o
  CC [M]  drivers/staging/rtl8723bs/hal/odm.o
  CC [M]  drivers/staging/r8188eu/hal/rtl8188e_xmit.o
  CC [M]  drivers/staging/vt6655/power.o
  CC [M]  drivers/staging/rtl8723bs/hal/odm_CfoTracking.o
  CC [M]  drivers/staging/r8188eu/hal/rtl8188eu_recv.o
  CC [M]  drivers/staging/vt6655/srom.o
  CC [M]  drivers/staging/rtl8723bs/hal/odm_DIG.o
  CC [M]  drivers/staging/r8188eu/hal/rtl8188eu_xmit.o
  CC [M]  drivers/staging/vt6655/key.o
  CC [M]  drivers/staging/rtl8723bs/hal/odm_DynamicBBPowerSaving.o
  CC [M]  drivers/staging/r8188eu/hal/usb_halinit.o
  CC [M]  drivers/staging/vt6655/rf.o
  CC [M]  drivers/staging/rtl8723bs/hal/odm_DynamicTxPower.o
  CC [M]  drivers/staging/r8188eu/hal/usb_ops_linux.o
  LD [M]  drivers/staging/vt6655/vt6655_stage.o
  CC [M]  drivers/staging/vt6656/main_usb.o
  CC [M]  drivers/staging/rtl8723bs/hal/odm_EdcaTurboCheck.o
  CC [M]  drivers/staging/r8188eu/os_dep/ioctl_linux.o
  CC [M]  drivers/staging/rtl8723bs/hal/odm_HWConfig.o
  CC [M]  drivers/staging/vt6656/card.o
  CC [M]  drivers/staging/rtl8723bs/hal/odm_NoiseMonitor.o
  CC [M]  drivers/staging/vt6656/mac.o
  CC [M]  drivers/staging/rtl8723bs/hal/odm_RegConfig8723B.o
  CC [M]  drivers/staging/r8188eu/os_dep/mlme_linux.o
  CC [M]  drivers/staging/vt6656/baseband.o
  CC [M]  drivers/staging/rtl8723bs/hal/rtl8723b_cmd.o
  CC [M]  drivers/staging/r8188eu/os_dep/os_intfs.o
  CC [M]  drivers/staging/vt6656/wcmd.o
  CC [M]  drivers/staging/rtl8723bs/hal/rtl8723b_dm.o
  CC [M]  drivers/staging/r8188eu/os_dep/osdep_service.o
  CC [M]  drivers/staging/vt6656/rxtx.o
  CC [M]  drivers/staging/rtl8723bs/hal/rtl8723b_hal_init.o
  CC [M]  drivers/staging/r8188eu/os_dep/recv_linux.o
  CC [M]  drivers/staging/vt6656/power.o
  CC [M]  drivers/staging/r8188eu/os_dep/usb_intf.o
  CC [M]  drivers/staging/vt6656/key.o
  CC [M]  drivers/staging/rtl8723bs/hal/rtl8723b_phycfg.o
  CC [M]  drivers/staging/r8188eu/os_dep/usb_ops_linux.o
  CC [M]  drivers/staging/vt6656/rf.o
  CC [M]  drivers/staging/rtl8723bs/hal/rtl8723b_rf6052.o
  CC [M]  drivers/staging/r8188eu/os_dep/xmit_linux.o
  CC [M]  drivers/staging/vt6656/usbpipe.o
  CC [M]  drivers/staging/rtl8723bs/hal/rtl8723b_rxdesc.o
  CC [M]  drivers/staging/r8188eu/core/rtw_ap.o
  CC [M]  drivers/staging/vt6656/channel.o
  CC [M]  drivers/staging/rtl8723bs/hal/rtl8723bs_recv.o
  CC [M]  drivers/staging/r8188eu/core/rtw_br_ext.o
  LD [M]  drivers/staging/vt6656/vt6656_stage.o
  CC [M]  drivers/staging/gdm724x/gdm_lte.o
  CC [M]  drivers/staging/rtl8723bs/hal/rtl8723bs_xmit.o
  CC [M]  drivers/staging/gdm724x/netlink_k.o
  CC [M]  drivers/staging/r8188eu/core/rtw_cmd.o
  CC [M]  drivers/staging/rtl8723bs/hal/sdio_halinit.o
  CC [M]  drivers/staging/gdm724x/gdm_usb.o
  CC [M]  drivers/staging/r8188eu/core/rtw_efuse.o
  CC [M]  drivers/staging/rtl8723bs/hal/sdio_ops.o
  CC [M]  drivers/staging/r8188eu/core/rtw_fw.o
  CC [M]  drivers/staging/gdm724x/gdm_endian.o
  CC [M]  drivers/staging/gdm724x/gdm_tty.o
  CC [M]  drivers/staging/rtl8723bs/hal/HalBtc8723b1Ant.o
  CC [M]  drivers/staging/r8188eu/core/rtw_ieee80211.o
  CC [M]  drivers/staging/gdm724x/gdm_mux.o
  CC [M]  drivers/staging/rtl8723bs/hal/HalBtc8723b2Ant.o
  CC [M]  drivers/staging/r8188eu/core/rtw_ioctl_set.o
  LD [M]  drivers/staging/gdm724x/gdmulte.o
  LD [M]  drivers/staging/gdm724x/gdmtty.o
  CC [M]  drivers/staging/rtl8723bs/hal/HalHWImg8723B_BB.o
  CC [M]  drivers/staging/r8188eu/core/rtw_iol.o
  CC [M]  drivers/staging/rtl8723bs/hal/HalHWImg8723B_MAC.o
  CC [M]  drivers/staging/r8188eu/core/rtw_led.o
  CC [M]  drivers/staging/rtl8723bs/hal/HalHWImg8723B_RF.o
  CC [M]  drivers/staging/r8188eu/core/rtw_mlme.o
  CC [M]  drivers/staging/rtl8723bs/hal/HalPhyRf_8723B.o
  CC [M]  drivers/staging/r8188eu/core/rtw_mlme_ext.o
  CC [M]  drivers/staging/rtl8723bs/os_dep/ioctl_cfg80211.o
  CC [M]  drivers/staging/rtl8723bs/os_dep/ioctl_linux.o
  CC [M]  drivers/staging/r8188eu/core/rtw_pwrctrl.o
  CC [M]  drivers/staging/rtl8723bs/os_dep/mlme_linux.o
  CC [M]  drivers/staging/r8188eu/core/rtw_p2p.o
  CC [M]  drivers/tee/amdtee/core.o
  CC [M]  drivers/staging/rtl8723bs/os_dep/osdep_service.o
  CC [M]  drivers/tee/amdtee/call.o
  CC [M]  drivers/staging/rtl8723bs/os_dep/os_intfs.o
  CC [M]  drivers/staging/r8188eu/core/rtw_recv.o
  CC [M]  drivers/tee/amdtee/shm_pool.o
  LD [M]  drivers/tee/amdtee/amdtee.o
  CC [M]  drivers/staging/rtl8723bs/os_dep/recv_linux.o
  CC [M]  drivers/staging/r8188eu/core/rtw_rf.o
  CC [M]  drivers/staging/r8188eu/core/rtw_security.o
  CC [M]  drivers/staging/rtl8723bs/os_dep/sdio_intf.o
  CC [M]  drivers/staging/rtl8723bs/os_dep/sdio_ops_linux.o
  CC [M]  drivers/staging/rtl8723bs/os_dep/wifi_regd.o
  CC [M]  drivers/staging/rtl8723bs/os_dep/xmit_linux.o
  CC [M]  drivers/staging/r8188eu/core/rtw_sta_mgt.o
  CC [M]  drivers/staging/r8188eu/core/rtw_wlan_util.o
  LD [M]  drivers/staging/rtl8723bs/r8723bs.o
  CC [M]  drivers/staging/r8188eu/core/rtw_xmit.o
  LD [M]  drivers/staging/r8188eu/r8188eu.o
  MODPOST modules-only.symvers
  GEN     Module.symvers
  CC [M]  drivers/i2c/i2c-stub.mod.o
  CC [M]  drivers/net/wireless/rsi/rsi_sdio.mod.o
  CC [M]  drivers/pci/pci-stub.mod.o
  CC [M]  drivers/platform/x86/dell/dell-laptop.mod.o
  CC [M]  drivers/rapidio/rio-scan.mod.o
  CC [M]  drivers/rtc/rtc-wilco-ec.mod.o
  CC [M]  drivers/scsi/mpi3mr/mpi3mr.mod.o
  CC [M]  drivers/scsi/pcmcia/aha152x_cs.mod.o
  CC [M]  drivers/scsi/pcmcia/fdomain_cs.mod.o
  CC [M]  drivers/scsi/pcmcia/qlogic_cs.mod.o
  CC [M]  drivers/scsi/pcmcia/sym53c500_cs.mod.o
  CC [M]  drivers/scsi/qlogicfas408.mod.o
  CC [M]  drivers/staging/gdm724x/gdmtty.mod.o
  CC [M]  drivers/staging/gdm724x/gdmulte.mod.o
  CC [M]  drivers/staging/r8188eu/r8188eu.mod.o
  CC [M]  drivers/staging/rtl8192e/rtl8192e/r8192e_pci.mod.o
  CC [M]  drivers/staging/rtl8192e/rtllib.mod.o
  CC [M]  drivers/staging/rtl8192e/rtllib_crypt_ccmp.mod.o
  CC [M]  drivers/staging/rtl8192e/rtllib_crypt_tkip.mod.o
  CC [M]  drivers/staging/rtl8192e/rtllib_crypt_wep.mod.o
  CC [M]  drivers/staging/rtl8192u/r8192u_usb.mod.o
  CC [M]  drivers/staging/rtl8723bs/r8723bs.mod.o
  CC [M]  drivers/staging/vt6655/vt6655_stage.mod.o
  CC [M]  drivers/staging/vt6656/vt6656_stage.mod.o
  CC [M]  drivers/tee/amdtee/amdtee.mod.o
  CC [M]  kernel/bpf/preload/bpf_preload.mod.o
  LD [M]  drivers/i2c/i2c-stub.ko
  LD [M]  drivers/net/wireless/rsi/rsi_sdio.ko
  LD [M]  drivers/pci/pci-stub.ko
  LD [M]  drivers/platform/x86/dell/dell-laptop.ko
  LD [M]  drivers/rapidio/rio-scan.ko
  LD [M]  drivers/rtc/rtc-wilco-ec.ko
  LD [M]  drivers/scsi/mpi3mr/mpi3mr.ko
  LD [M]  drivers/scsi/pcmcia/aha152x_cs.ko
  LD [M]  drivers/scsi/pcmcia/fdomain_cs.ko
  LD [M]  drivers/scsi/pcmcia/qlogic_cs.ko
  LD [M]  drivers/scsi/pcmcia/sym53c500_cs.ko
  LD [M]  drivers/scsi/qlogicfas408.ko
  LD [M]  drivers/staging/gdm724x/gdmtty.ko
  LD [M]  drivers/staging/gdm724x/gdmulte.ko
  LD [M]  drivers/staging/r8188eu/r8188eu.ko
  LD [M]  drivers/staging/rtl8192e/rtl8192e/r8192e_pci.ko
  LD [M]  drivers/staging/rtl8192e/rtllib.ko
  LD [M]  drivers/staging/rtl8192e/rtllib_crypt_ccmp.ko
  LD [M]  drivers/staging/rtl8192e/rtllib_crypt_tkip.ko
  LD [M]  drivers/staging/rtl8192e/rtllib_crypt_wep.ko
  LD [M]  drivers/staging/rtl8192u/r8192u_usb.ko
  LD [M]  drivers/staging/rtl8723bs/r8723bs.ko
  LD [M]  drivers/staging/vt6655/vt6655_stage.ko
  LD [M]  drivers/staging/vt6656/vt6656_stage.ko
  LD [M]  kernel/bpf/preload/bpf_preload.ko
  LD [M]  drivers/tee/amdtee/amdtee.ko
